SF:lib/model/modification.dart
DA:6,1
DA:7,2
DA:9,2
DA:11,2
DA:24,3
DA:26,3
DA:29,0
DA:30,0
DA:31,0
DA:32,0
DA:33,0
DA:34,0
DA:35,0
DA:38,0
LF:14
LH:6
end_of_record
SF:lib/hits/activate.dart
DA:12,1
DA:14,2
DA:15,2
DA:16,2
DA:17,1
DA:18,1
LF:6
LH:6
end_of_record
SF:lib/api/service.dart
DA:8,5
DA:13,3
DA:15,1
DA:19,1
DA:21,1
DA:22,2
DA:23,1
DA:24,1
DA:25,1
DA:26,1
DA:27,2
DA:32,0
LF:12
LH:11
end_of_record
SF:lib/utils/constants.dart
DA:3,5
LF:1
LH:1
end_of_record
SF:lib/utils/logger/log_manager.dart
DA:3,5
DA:33,3
DA:38,3
DA:45,3
DA:47,3
DA:48,3
DA:54,3
DA:55,12
DA:58,3
DA:60,1
DA:62,3
DA:66,1
DA:69,1
DA:70,1
DA:71,4
LF:15
LH:15
end_of_record
SF:lib/flagship.dart
DA:11,5
DA:32,9
DA:40,9
DA:42,3
DA:43,3
DA:46,3
DA:54,2
DA:55,2
DA:56,2
DA:57,2
DA:58,2
DA:62,1
DA:64,1
DA:72,1
DA:74,2
DA:79,1
DA:80,2
DA:84,1
DA:85,2
DA:89,1
DA:90,2
DA:96,0
DA:104,3
DA:105,9
DA:111,0
DA:115,2
DA:116,4
DA:119,1
DA:121,2
LF:29
LH:27
end_of_record
SF:lib/api/tracking_manager.dart
DA:16,2
DA:17,6
DA:23,1
DA:24,1
DA:25,1
DA:33,0
DA:35,0
DA:36,0
DA:37,0
DA:38,0
DA:39,0
DA:40,0
DA:41,0
DA:44,0
DA:49,1
DA:53,3
DA:54,3
DA:55,0
DA:56,0
DA:57,0
DA:58,0
DA:59,0
DA:62,0
DA:65,0
LF:24
LH:8
end_of_record
SF:lib/hits/hit.dart
DA:3,5
DA:42,0
DA:44,0
DA:47,1
DA:48,3
DA:49,3
DA:52,1
DA:53,1
DA:55,5
DA:59,1
DA:62,1
DA:65,1
DA:68,1
DA:71,1
DA:76,1
DA:78,1
DA:79,1
DA:82,1
DA:85,1
DA:86,1
DA:89,0
LF:21
LH:18
end_of_record
SF:lib/decision/api_manager.dart
DA:11,6
DA:14,1
DA:17,2
DA:19,2
DA:20,0
DA:23,2
DA:26,1
DA:27,2
DA:34,2
DA:35,2
DA:36,3
DA:38,2
DA:39,1
DA:40,1
DA:41,2
DA:42,3
DA:44,0
LF:17
LH:15
end_of_record
SF:lib/model/campaigns.dart
DA:8,1
DA:9,2
DA:11,2
DA:12,0
DA:15,1
DA:16,3
DA:17,1
DA:18,1
DA:23,0
DA:24,0
DA:26,0
DA:27,0
LF:12
LH:7
end_of_record
SF:lib/decision/decision_manager.dart
DA:14,3
DA:16,1
DA:17,1
DA:19,2
DA:20,2
DA:25,1
DA:26,1
DA:29,0
DA:30,0
DA:33,1
DA:34,1
DA:37,1
DA:38,1
LF:13
LH:11
end_of_record
SF:lib/model/campaign.dart
DA:10,2
DA:12,3
DA:14,1
DA:18,3
DA:20,2
DA:23,4
DA:24,3
DA:28,0
DA:30,1
DA:31,3
DA:34,1
DA:35,1
DA:37,1
DA:38,2
DA:40,2
DA:41,1
DA:42,2
DA:43,1
DA:45,1
DA:46,1
DA:47,2
DA:48,2
LF:22
LH:21
end_of_record
SF:lib/flagship_config.dart
DA:23,0
DA:25,0
DA:27,0
DA:30,3
DA:32,6
LF:5
LH:2
end_of_record
SF:lib/utils/flagship_tools.dart
DA:10,2
DA:12,2
DA:13,5
DA:16,1
LF:4
LH:4
end_of_record
SF:lib/visitor.dart
DA:27,1
DA:28,1
DA:35,1
DA:36,2
DA:54,2
DA:57,2
DA:59,4
DA:61,2
DA:63,2
DA:64,4
DA:69,0
DA:70,0
DA:74,2
DA:75,4
DA:76,8
DA:82,2
DA:83,2
DA:92,1
DA:94,2
DA:103,1
DA:105,2
DA:114,0
DA:116,0
DA:121,0
DA:123,0
DA:128,0
DA:130,0
DA:134,0
DA:136,0
DA:140,1
DA:142,1
DA:144,2
DA:146,3
DA:150,2
DA:151,2
LF:35
LH:25
end_of_record
SF:lib/hits/event.dart
DA:7,5
DA:28,1
DA:29,1
DA:30,1
DA:33,1
DA:35,1
DA:36,2
DA:37,1
DA:38,1
DA:39,2
DA:44,3
DA:46,1
DA:48,2
DA:54,1
DA:55,1
DA:56,1
DA:57,1
LF:17
LH:17
end_of_record
SF:lib/model/variation.dart
DA:9,1
DA:10,1
DA:11,1
DA:12,1
DA:13,1
DA:14,1
LF:6
LH:6
end_of_record
SF:lib/visitor/visitor_delegate.dart
DA:12,2
DA:14,2
DA:15,2
DA:16,2
DA:17,2
DA:18,1
DA:19,0
DA:20,1
DA:21,3
DA:23,0
DA:25,2
DA:31,0
DA:33,0
DA:37,1
DA:39,2
DA:43,0
DA:45,0
DA:49,0
DA:50,0
DA:54,1
DA:56,2
DA:61,0
DA:62,0
DA:65,1
DA:67,2
LF:25
LH:15
end_of_record
SF:lib/visitor/strategy/default_strategy.dart
DA:15,2
DA:17,1
DA:19,1
DA:20,1
DA:21,1
DA:22,1
DA:23,1
DA:24,4
DA:27,1
DA:32,0
DA:35,0
DA:36,0
DA:38,0
DA:42,0
DA:43,0
DA:45,0
DA:48,0
DA:51,0
DA:56,1
DA:60,3
DA:62,3
DA:65,0
DA:66,0
DA:70,1
DA:71,2
DA:72,1
DA:76,2
DA:77,2
DA:80,0
DA:81,0
DA:84,2
DA:85,1
DA:88,1
DA:89,4
DA:94,0
DA:97,0
DA:98,0
DA:104,0
DA:106,0
DA:108,0
DA:109,0
DA:114,0
DA:115,0
DA:122,0
DA:123,0
DA:124,0
DA:126,0
DA:127,0
DA:128,0
DA:129,0
DA:131,0
DA:133,0
DA:134,0
DA:137,0
DA:139,0
DA:140,0
DA:141,0
DA:143,0
DA:144,0
DA:147,0
DA:148,0
DA:155,0
DA:156,0
DA:159,0
DA:162,0
DA:164,0
LF:66
LH:21
end_of_record
SF:lib/visitor/strategy/no_consent_strategy.dart
DA:10,0
DA:14,0
DA:15,0
DA:20,0
DA:21,0
DA:22,0
DA:24,0
DA:28,0
LF:8
LH:0
end_of_record
SF:lib/visitor/strategy/not_ready_strategy.dart
DA:10,2
DA:13,0
DA:14,0
DA:17,0
DA:19,0
DA:23,0
DA:25,0
DA:30,0
DA:31,0
DA:34,1
DA:36,1
LF:11
LH:3
end_of_record
SF:lib/visitor/strategy/panic_strategy.dart
DA:10,0
DA:13,0
DA:14,0
DA:17,0
DA:19,0
DA:23,0
DA:25,0
DA:28,0
DA:30,0
DA:31,0
DA:36,0
DA:37,0
DA:40,0
DA:42,0
LF:14
LH:0
end_of_record
